\BOOKMARK [0][-]{chapter.1}{\376\377\000H\000i\000e\000r\000a\000r\000c\000h\000i\000c\000a\000l\000\040\000I\000n\000d\000e\000x}{}% 1
\BOOKMARK [1][-]{section.1.1}{\376\377\000C\000l\000a\000s\000s\000\040\000H\000i\000e\000r\000a\000r\000c\000h\000y}{chapter.1}% 2
\BOOKMARK [0][-]{chapter.2}{\376\377\000C\000l\000a\000s\000s\000\040\000I\000n\000d\000e\000x}{}% 3
\BOOKMARK [1][-]{section.2.1}{\376\377\000C\000l\000a\000s\000s\000\040\000L\000i\000s\000t}{chapter.2}% 4
\BOOKMARK [0][-]{chapter.3}{\376\377\000F\000i\000l\000e\000\040\000I\000n\000d\000e\000x}{}% 5
\BOOKMARK [1][-]{section.3.1}{\376\377\000F\000i\000l\000e\000\040\000L\000i\000s\000t}{chapter.3}% 6
\BOOKMARK [0][-]{chapter.4}{\376\377\000C\000l\000a\000s\000s\000\040\000D\000o\000c\000u\000m\000e\000n\000t\000a\000t\000i\000o\000n}{}% 7
\BOOKMARK [1][-]{section.4.1}{\376\377\000C\000a\000m\000e\000r\000a\000\040\000C\000l\000a\000s\000s\000\040\000R\000e\000f\000e\000r\000e\000n\000c\000e}{chapter.4}% 8
\BOOKMARK [2][-]{subsection.4.1.1}{\376\377\000D\000e\000t\000a\000i\000l\000e\000d\000\040\000D\000e\000s\000c\000r\000i\000p\000t\000i\000o\000n}{section.4.1}% 9
\BOOKMARK [2][-]{subsection.4.1.2}{\376\377\000M\000e\000m\000b\000e\000r\000\040\000T\000y\000p\000e\000d\000e\000f\000\040\000D\000o\000c\000u\000m\000e\000n\000t\000a\000t\000i\000o\000n}{section.4.1}% 10
\BOOKMARK [3][-]{subsubsection.4.1.2.1}{\376\377\000D\000i\000r\000e\000c\000t\000i\000o\000n}{subsection.4.1.2}% 11
\BOOKMARK [3][-]{subsubsection.4.1.2.2}{\376\377\000U\000n\000i\000f\000o\000r\000m}{subsection.4.1.2}% 12
\BOOKMARK [3][-]{subsubsection.4.1.2.3}{\376\377\000V\000i\000e\000w\000T\000y\000p\000e}{subsection.4.1.2}% 13
\BOOKMARK [2][-]{subsection.4.1.3}{\376\377\000M\000e\000m\000b\000e\000r\000\040\000E\000n\000u\000m\000e\000r\000a\000t\000i\000o\000n\000\040\000D\000o\000c\000u\000m\000e\000n\000t\000a\000t\000i\000o\000n}{section.4.1}% 14
\BOOKMARK [3][-]{subsubsection.4.1.3.1}{\376\377\000D\000i\000r\000e\000c\000t\000i\000o\000n}{subsection.4.1.3}% 15
\BOOKMARK [3][-]{subsubsection.4.1.3.2}{\376\377\000U\000n\000i\000f\000o\000r\000m\000s}{subsection.4.1.3}% 16
\BOOKMARK [3][-]{subsubsection.4.1.3.3}{\376\377\000V\000i\000e\000w\000T\000y\000p\000e}{subsection.4.1.3}% 17
\BOOKMARK [2][-]{subsection.4.1.4}{\376\377\000C\000o\000n\000s\000t\000r\000u\000c\000t\000o\000r\000\040\000\046\000\040\000D\000e\000s\000t\000r\000u\000c\000t\000o\000r\000\040\000D\000o\000c\000u\000m\000e\000n\000t\000a\000t\000i\000o\000n}{section.4.1}% 18
\BOOKMARK [3][-]{subsubsection.4.1.4.1}{\376\377\000C\000a\000m\000e\000r\000a}{subsection.4.1.4}% 19
\BOOKMARK [3][-]{subsubsection.4.1.4.2}{\376\377\000C\000a\000m\000e\000r\000a}{subsection.4.1.4}% 20
\BOOKMARK [3][-]{subsubsection.4.1.4.3}{\376\377\000C\000a\000m\000e\000r\000a}{subsection.4.1.4}% 21
\BOOKMARK [3][-]{subsubsection.4.1.4.4}{\376\377\000C\000a\000m\000e\000r\000a}{subsection.4.1.4}% 22
\BOOKMARK [2][-]{subsection.4.1.5}{\376\377\000M\000e\000m\000b\000e\000r\000\040\000F\000u\000n\000c\000t\000i\000o\000n\000\040\000D\000o\000c\000u\000m\000e\000n\000t\000a\000t\000i\000o\000n}{section.4.1}% 23
\BOOKMARK [3][-]{subsubsection.4.1.5.1}{\376\377\000a\000c\000c\000e\000l}{subsection.4.1.5}% 24
\BOOKMARK [3][-]{subsubsection.4.1.5.2}{\376\377\000a\000d\000j\000u\000s\000t\000F\000i\000e\000l\000d\000O\000f\000V\000i\000e\000w}{subsection.4.1.5}% 25
\BOOKMARK [3][-]{subsubsection.4.1.5.3}{\376\377\000a\000d\000j\000u\000s\000t\000R\000o\000t\000a\000t\000i\000o\000n}{subsection.4.1.5}% 26
\BOOKMARK [3][-]{subsubsection.4.1.5.4}{\376\377\000c\000h\000a\000n\000g\000e\000P\000e\000r\000s\000p\000e\000c\000t\000i\000v\000e}{subsection.4.1.5}% 27
\BOOKMARK [3][-]{subsubsection.4.1.5.5}{\376\377\000c\000o\000m\000m\000o\000n\000I\000n\000i\000t}{subsection.4.1.5}% 28
\BOOKMARK [3][-]{subsubsection.4.1.5.6}{\376\377\000D\000e\000l\000e\000t\000e\000O\000b\000j\000e\000c\000t}{subsection.4.1.5}% 29
\BOOKMARK [3][-]{subsubsection.4.1.5.7}{\376\377\000d\000P\000o\000s}{subsection.4.1.5}% 30
\BOOKMARK [3][-]{subsubsection.4.1.5.8}{\376\377\000d\000P\000o\000s}{subsection.4.1.5}% 31
\BOOKMARK [3][-]{subsubsection.4.1.5.9}{\376\377\000d\000P\000o\000s}{subsection.4.1.5}% 32
\BOOKMARK [3][-]{subsubsection.4.1.5.10}{\376\377\000d\000X}{subsection.4.1.5}% 33
\BOOKMARK [3][-]{subsubsection.4.1.5.11}{\376\377\000d\000Y}{subsection.4.1.5}% 34
\BOOKMARK [3][-]{subsubsection.4.1.5.12}{\376\377\000d\000Z}{subsection.4.1.5}% 35
\BOOKMARK [3][-]{subsubsection.4.1.5.13}{\376\377\000f\000i\000e\000l\000d\000O\000f\000V\000i\000e\000w}{subsection.4.1.5}% 36
\BOOKMARK [3][-]{subsubsection.4.1.5.14}{\376\377\000f\000i\000e\000l\000d\000O\000f\000V\000i\000e\000w}{subsection.4.1.5}% 37
\BOOKMARK [3][-]{subsubsection.4.1.5.15}{\376\377\000G\000e\000t\000P\000o\000s\000i\000t\000i\000o\000n}{subsection.4.1.5}% 38
\BOOKMARK [3][-]{subsubsection.4.1.5.16}{\376\377\000h\000e\000a\000v\000e}{subsection.4.1.5}% 39
\BOOKMARK [3][-]{subsubsection.4.1.5.17}{\376\377\000i\000d\000l\000e}{subsection.4.1.5}% 40
\BOOKMARK [3][-]{subsubsection.4.1.5.18}{\376\377\000m\000o\000v\000e}{subsection.4.1.5}% 41
\BOOKMARK [3][-]{subsubsection.4.1.5.19}{\376\377\000p\000i\000t\000c\000h}{subsection.4.1.5}% 42
\BOOKMARK [3][-]{subsubsection.4.1.5.20}{\376\377\000p\000o\000s}{subsection.4.1.5}% 43
\BOOKMARK [3][-]{subsubsection.4.1.5.21}{\376\377\000p\000o\000s}{subsection.4.1.5}% 44
\BOOKMARK [3][-]{subsubsection.4.1.5.22}{\376\377\000p\000o\000s}{subsection.4.1.5}% 45
\BOOKMARK [3][-]{subsubsection.4.1.5.23}{\376\377\000p\000o\000s}{subsection.4.1.5}% 46
\BOOKMARK [3][-]{subsubsection.4.1.5.24}{\376\377\000r\000e\000f\000r\000e\000s\000h\000P\000e\000r\000s\000p\000e\000c\000t\000i\000v\000e}{subsection.4.1.5}% 47
\BOOKMARK [3][-]{subsubsection.4.1.5.25}{\376\377\000r\000e\000s\000e\000t\000R\000o\000t\000a\000t\000i\000o\000n}{subsection.4.1.5}% 48
\BOOKMARK [3][-]{subsubsection.4.1.5.26}{\376\377\000r\000o\000l\000l}{subsection.4.1.5}% 49
\BOOKMARK [3][-]{subsubsection.4.1.5.27}{\376\377\000s\000e\000n\000d}{subsection.4.1.5}% 50
\BOOKMARK [3][-]{subsubsection.4.1.5.28}{\376\377\000S\000h\000a\000d\000e\000r}{subsection.4.1.5}% 51
\BOOKMARK [3][-]{subsubsection.4.1.5.29}{\376\377\000S\000h\000a\000d\000e\000r}{subsection.4.1.5}% 52
\BOOKMARK [3][-]{subsubsection.4.1.5.30}{\376\377\000s\000t\000o\000p}{subsection.4.1.5}% 53
\BOOKMARK [3][-]{subsubsection.4.1.5.31}{\376\377\000s\000u\000r\000g\000e}{subsection.4.1.5}% 54
\BOOKMARK [3][-]{subsubsection.4.1.5.32}{\376\377\000s\000w\000a\000y}{subsection.4.1.5}% 55
\BOOKMARK [3][-]{subsubsection.4.1.5.33}{\376\377\000v\000i\000e\000w}{subsection.4.1.5}% 56
\BOOKMARK [3][-]{subsubsection.4.1.5.34}{\376\377\000v\000i\000e\000w\000p\000o\000r\000t}{subsection.4.1.5}% 57
\BOOKMARK [3][-]{subsubsection.4.1.5.35}{\376\377\000x}{subsection.4.1.5}% 58
\BOOKMARK [3][-]{subsubsection.4.1.5.36}{\376\377\000x}{subsection.4.1.5}% 59
\BOOKMARK [3][-]{subsubsection.4.1.5.37}{\376\377\000y}{subsection.4.1.5}% 60
\BOOKMARK [3][-]{subsubsection.4.1.5.38}{\376\377\000y}{subsection.4.1.5}% 61
\BOOKMARK [3][-]{subsubsection.4.1.5.39}{\376\377\000y\000a\000w}{subsection.4.1.5}% 62
\BOOKMARK [3][-]{subsubsection.4.1.5.40}{\376\377\000z}{subsection.4.1.5}% 63
\BOOKMARK [3][-]{subsubsection.4.1.5.41}{\376\377\000z}{subsection.4.1.5}% 64
\BOOKMARK [2][-]{subsection.4.1.6}{\376\377\000M\000e\000m\000b\000e\000r\000\040\000D\000a\000t\000a\000\040\000D\000o\000c\000u\000m\000e\000n\000t\000a\000t\000i\000o\000n}{section.4.1}% 65
\BOOKMARK [3][-]{subsubsection.4.1.6.1}{\376\377\000\137\000a\000s\000p\000e\000c\000t\000R\000a\000t\000i\000o}{subsection.4.1.6}% 66
\BOOKMARK [3][-]{subsubsection.4.1.6.2}{\376\377\000\137\000c\000t\000m}{subsection.4.1.6}% 67
\BOOKMARK [3][-]{subsubsection.4.1.6.3}{\376\377\000\137\000c\000u\000r\000r\000e\000n\000t\000V\000i\000e\000w}{subsection.4.1.6}% 68
\BOOKMARK [3][-]{subsubsection.4.1.6.4}{\376\377\000\137\000f\000o\000v\000y}{subsection.4.1.6}% 69
\BOOKMARK [3][-]{subsubsection.4.1.6.5}{\376\377\000\137\000f\000r\000i\000c\000t\000i\000o\000n\000M\000a\000g\000n\000i\000t\000u\000d\000e}{subsection.4.1.6}% 70
\BOOKMARK [3][-]{subsubsection.4.1.6.6}{\376\377\000\137\000m\000o\000t\000i\000o\000n}{subsection.4.1.6}% 71
\BOOKMARK [3][-]{subsubsection.4.1.6.7}{\376\377\000\137\000s\000p\000e\000e\000d}{subsection.4.1.6}% 72
\BOOKMARK [3][-]{subsubsection.4.1.6.8}{\376\377\000\137\000v\000e\000l\000o\000c\000i\000t\000y}{subsection.4.1.6}% 73
\BOOKMARK [3][-]{subsubsection.4.1.6.9}{\376\377\000\137\000v\000i\000e\000w}{subsection.4.1.6}% 74
\BOOKMARK [3][-]{subsubsection.4.1.6.10}{\376\377\000d\000r\000a\000w\000\137\000m\000o\000d\000e}{subsection.4.1.6}% 75
\BOOKMARK [3][-]{subsubsection.4.1.6.11}{\376\377\000h\000a\000n\000d\000l\000e\000s}{subsection.4.1.6}% 76
\BOOKMARK [3][-]{subsubsection.4.1.6.12}{\376\377\000n\000a\000m\000e}{subsection.4.1.6}% 77
\BOOKMARK [3][-]{subsubsection.4.1.6.13}{\376\377\000v\000a\000o}{subsection.4.1.6}% 78
\BOOKMARK [1][-]{section.4.2}{\376\377\000C\000a\000m\000e\000r\000a\000s\000\040\000C\000l\000a\000s\000s\000\040\000R\000e\000f\000e\000r\000e\000n\000c\000e}{chapter.4}% 79
\BOOKMARK [2][-]{subsection.4.2.1}{\376\377\000D\000e\000t\000a\000i\000l\000e\000d\000\040\000D\000e\000s\000c\000r\000i\000p\000t\000i\000o\000n}{section.4.2}% 80
\BOOKMARK [2][-]{subsection.4.2.2}{\376\377\000C\000o\000n\000s\000t\000r\000u\000c\000t\000o\000r\000\040\000\046\000\040\000D\000e\000s\000t\000r\000u\000c\000t\000o\000r\000\040\000D\000o\000c\000u\000m\000e\000n\000t\000a\000t\000i\000o\000n}{section.4.2}% 81
\BOOKMARK [3][-]{subsubsection.4.2.2.1}{\376\377\000C\000a\000m\000e\000r\000a\000s}{subsection.4.2.2}% 82
\BOOKMARK [3][-]{subsubsection.4.2.2.2}{\376\377\000C\000a\000m\000e\000r\000a\000s}{subsection.4.2.2}% 83
\BOOKMARK [2][-]{subsection.4.2.3}{\376\377\000M\000e\000m\000b\000e\000r\000\040\000F\000u\000n\000c\000t\000i\000o\000n\000\040\000D\000o\000c\000u\000m\000e\000n\000t\000a\000t\000i\000o\000n}{section.4.2}% 84
\BOOKMARK [3][-]{subsubsection.4.2.3.1}{\376\377\000a\000c\000t\000i\000v\000e}{subsection.4.2.3}% 85
\BOOKMARK [3][-]{subsubsection.4.2.3.2}{\376\377\000a\000d\000d\000C\000a\000m\000e\000r\000a}{subsection.4.2.3}% 86
\BOOKMARK [3][-]{subsubsection.4.2.3.3}{\376\377\000c\000a\000l\000c\000u\000l\000a\000t\000e\000V\000i\000e\000w\000p\000o\000r\000t\000s}{subsection.4.2.3}% 87
\BOOKMARK [3][-]{subsubsection.4.2.3.4}{\376\377\000D\000e\000l\000e\000t\000e\000O\000b\000j\000e\000c\000t}{subsection.4.2.3}% 88
\BOOKMARK [3][-]{subsubsection.4.2.3.5}{\376\377\000i\000d\000l\000e\000M\000o\000t\000i\000o\000n}{subsection.4.2.3}% 89
\BOOKMARK [3][-]{subsubsection.4.2.3.6}{\376\377\000n\000e\000x\000t}{subsection.4.2.3}% 90
\BOOKMARK [3][-]{subsubsection.4.2.3.7}{\376\377\000n\000u\000m\000C\000a\000m\000e\000r\000a\000s}{subsection.4.2.3}% 91
\BOOKMARK [3][-]{subsubsection.4.2.3.8}{\376\377\000o\000b\000j\0002\000C\000a\000m}{subsection.4.2.3}% 92
\BOOKMARK [3][-]{subsubsection.4.2.3.9}{\376\377\000p\000o\000p\000C\000a\000m\000e\000r\000a}{subsection.4.2.3}% 93
\BOOKMARK [3][-]{subsubsection.4.2.3.10}{\376\377\000p\000r\000e\000v}{subsection.4.2.3}% 94
\BOOKMARK [3][-]{subsubsection.4.2.3.11}{\376\377\000r\000e\000s\000i\000z\000e}{subsection.4.2.3}% 95
\BOOKMARK [3][-]{subsubsection.4.2.3.12}{\376\377\000S\000h\000a\000d\000e\000r}{subsection.4.2.3}% 96
\BOOKMARK [3][-]{subsubsection.4.2.3.13}{\376\377\000S\000h\000a\000d\000e\000r}{subsection.4.2.3}% 97
\BOOKMARK [3][-]{subsubsection.4.2.3.14}{\376\377\000v\000i\000e\000w}{subsection.4.2.3}% 98
\BOOKMARK [1][-]{section.4.3}{\376\377\000E\000n\000g\000i\000n\000e\000\040\000C\000l\000a\000s\000s\000\040\000R\000e\000f\000e\000r\000e\000n\000c\000e}{chapter.4}% 99
\BOOKMARK [2][-]{subsection.4.3.1}{\376\377\000D\000e\000t\000a\000i\000l\000e\000d\000\040\000D\000e\000s\000c\000r\000i\000p\000t\000i\000o\000n}{section.4.3}% 100
\BOOKMARK [2][-]{subsection.4.3.2}{\376\377\000C\000o\000n\000s\000t\000r\000u\000c\000t\000o\000r\000\040\000\046\000\040\000D\000e\000s\000t\000r\000u\000c\000t\000o\000r\000\040\000D\000o\000c\000u\000m\000e\000n\000t\000a\000t\000i\000o\000n}{section.4.3}% 101
\BOOKMARK [3][-]{subsubsection.4.3.2.1}{\376\377\000E\000n\000g\000i\000n\000e}{subsection.4.3.2}% 102
\BOOKMARK [3][-]{subsubsection.4.3.2.2}{\376\377\000E\000n\000g\000i\000n\000e}{subsection.4.3.2}% 103
\BOOKMARK [2][-]{subsection.4.3.3}{\376\377\000M\000e\000m\000b\000e\000r\000\040\000F\000u\000n\000c\000t\000i\000o\000n\000\040\000D\000o\000c\000u\000m\000e\000n\000t\000a\000t\000i\000o\000n}{section.4.3}% 104
\BOOKMARK [3][-]{subsubsection.4.3.3.1}{\376\377\000c\000a\000m\000s}{subsection.4.3.3}% 105
\BOOKMARK [3][-]{subsubsection.4.3.3.2}{\376\377\000f\000l\000i\000p}{subsection.4.3.3}% 106
\BOOKMARK [3][-]{subsubsection.4.3.3.3}{\376\377\000i\000n\000s\000t\000a\000n\000c\000e}{subsection.4.3.3}% 107
\BOOKMARK [3][-]{subsubsection.4.3.3.4}{\376\377\000m\000a\000i\000n\000S\000c\000r\000e\000e\000n}{subsection.4.3.3}% 108
\BOOKMARK [3][-]{subsubsection.4.3.3.5}{\376\377\000o\000p\000e\000r\000a\000t\000o\000r\000=}{subsection.4.3.3}% 109
\BOOKMARK [3][-]{subsubsection.4.3.3.6}{\376\377\000o\000p\000t}{subsection.4.3.3}% 110
\BOOKMARK [3][-]{subsubsection.4.3.3.7}{\376\377\000o\000p\000t}{subsection.4.3.3}% 111
\BOOKMARK [3][-]{subsubsection.4.3.3.8}{\376\377\000r\000o\000o\000t\000S\000c\000e\000n\000e}{subsection.4.3.3}% 112
\BOOKMARK [3][-]{subsubsection.4.3.3.9}{\376\377\000s\000e\000t}{subsection.4.3.3}% 113
\BOOKMARK [1][-]{section.4.4}{\376\377\000T\000i\000e\000m\000S\000p\000e\000l\000c\000h\000k\000:\000:\000L\000u\000r\000n\0002\000S\000p\000i\000e\000l\000N\000u\000b\000\040\000C\000l\000a\000s\000s\000\040\000R\000e\000f\000e\000r\000e\000n\000c\000e}{chapter.4}% 114
\BOOKMARK [2][-]{subsection.4.4.1}{\376\377\000D\000e\000t\000a\000i\000l\000e\000d\000\040\000D\000e\000s\000c\000r\000i\000p\000t\000i\000o\000n}{section.4.4}% 115
\BOOKMARK [1][-]{section.4.5}{\376\377\000A\000n\000g\000e\000l\000:\000:\000m\000a\000t\0002\000\040\000C\000l\000a\000s\000s\000\040\000R\000e\000f\000e\000r\000e\000n\000c\000e}{chapter.4}% 116
\BOOKMARK [2][-]{subsection.4.5.1}{\376\377\000D\000e\000t\000a\000i\000l\000e\000d\000\040\000D\000e\000s\000c\000r\000i\000p\000t\000i\000o\000n}{section.4.5}% 117
\BOOKMARK [2][-]{subsection.4.5.2}{\376\377\000M\000e\000m\000b\000e\000r\000\040\000F\000u\000n\000c\000t\000i\000o\000n\000\040\000D\000o\000c\000u\000m\000e\000n\000t\000a\000t\000i\000o\000n}{section.4.5}% 118
\BOOKMARK [3][-]{subsubsection.4.5.2.1}{\376\377\000o\000p\000e\000r\000a\000t\000o\000r}{subsection.4.5.2}% 119
\BOOKMARK [2][-]{subsection.4.5.3}{\376\377\000M\000e\000m\000b\000e\000r\000\040\000D\000a\000t\000a\000\040\000D\000o\000c\000u\000m\000e\000n\000t\000a\000t\000i\000o\000n}{section.4.5}% 120
\BOOKMARK [3][-]{subsubsection.4.5.3.1}{\376\377\000\137\000m}{subsection.4.5.3}% 121
\BOOKMARK [1][-]{section.4.6}{\376\377\000A\000n\000g\000e\000l\000:\000:\000m\000a\000t\0003\000\040\000C\000l\000a\000s\000s\000\040\000R\000e\000f\000e\000r\000e\000n\000c\000e}{chapter.4}% 122
\BOOKMARK [2][-]{subsection.4.6.1}{\376\377\000D\000e\000t\000a\000i\000l\000e\000d\000\040\000D\000e\000s\000c\000r\000i\000p\000t\000i\000o\000n}{section.4.6}% 123
\BOOKMARK [1][-]{section.4.7}{\376\377\000A\000n\000g\000e\000l\000:\000:\000m\000a\000t\0004\000\040\000C\000l\000a\000s\000s\000\040\000R\000e\000f\000e\000r\000e\000n\000c\000e}{chapter.4}% 124
\BOOKMARK [2][-]{subsection.4.7.1}{\376\377\000D\000e\000t\000a\000i\000l\000e\000d\000\040\000D\000e\000s\000c\000r\000i\000p\000t\000i\000o\000n}{section.4.7}% 125
\BOOKMARK [1][-]{section.4.8}{\376\377\000O\000b\000j\000e\000c\000t\000\040\000C\000l\000a\000s\000s\000\040\000R\000e\000f\000e\000r\000e\000n\000c\000e}{chapter.4}% 126
\BOOKMARK [2][-]{subsection.4.8.1}{\376\377\000D\000e\000t\000a\000i\000l\000e\000d\000\040\000D\000e\000s\000c\000r\000i\000p\000t\000i\000o\000n}{section.4.8}% 127
\BOOKMARK [2][-]{subsection.4.8.2}{\376\377\000M\000e\000m\000b\000e\000r\000\040\000F\000u\000n\000c\000t\000i\000o\000n\000\040\000D\000o\000c\000u\000m\000e\000n\000t\000a\000t\000i\000o\000n}{section.4.8}% 128
\BOOKMARK [3][-]{subsubsection.4.8.2.1}{\376\377\000D\000e\000l\000e\000t\000e\000O\000b\000j\000e\000c\000t}{subsection.4.8.2}% 129
\BOOKMARK [3][-]{subsubsection.4.8.2.2}{\376\377\000G\000e\000t\000P\000o\000s\000i\000t\000i\000o\000n}{subsection.4.8.2}% 130
\BOOKMARK [3][-]{subsubsection.4.8.2.3}{\376\377\000S\000h\000a\000d\000e\000r}{subsection.4.8.2}% 131
\BOOKMARK [3][-]{subsubsection.4.8.2.4}{\376\377\000S\000h\000a\000d\000e\000r}{subsection.4.8.2}% 132
\BOOKMARK [2][-]{subsection.4.8.3}{\376\377\000M\000e\000m\000b\000e\000r\000\040\000D\000a\000t\000a\000\040\000D\000o\000c\000u\000m\000e\000n\000t\000a\000t\000i\000o\000n}{section.4.8}% 133
\BOOKMARK [3][-]{subsubsection.4.8.3.1}{\376\377\000d\000r\000a\000w\000\137\000m\000o\000d\000e}{subsection.4.8.3}% 134
\BOOKMARK [3][-]{subsubsection.4.8.3.2}{\376\377\000h\000a\000n\000d\000l\000e\000s}{subsection.4.8.3}% 135
\BOOKMARK [3][-]{subsubsection.4.8.3.3}{\376\377\000n\000a\000m\000e}{subsection.4.8.3}% 136
\BOOKMARK [3][-]{subsubsection.4.8.3.4}{\376\377\000v\000a\000o}{subsection.4.8.3}% 137
\BOOKMARK [1][-]{section.4.9}{\376\377\000P\000a\000r\000t\000i\000c\000l\000e\000\040\000C\000l\000a\000s\000s\000\040\000R\000e\000f\000e\000r\000e\000n\000c\000e}{chapter.4}% 138
\BOOKMARK [2][-]{subsection.4.9.1}{\376\377\000D\000e\000t\000a\000i\000l\000e\000d\000\040\000D\000e\000s\000c\000r\000i\000p\000t\000i\000o\000n}{section.4.9}% 139
\BOOKMARK [2][-]{subsection.4.9.2}{\376\377\000M\000e\000m\000b\000e\000r\000\040\000F\000u\000n\000c\000t\000i\000o\000n\000\040\000D\000o\000c\000u\000m\000e\000n\000t\000a\000t\000i\000o\000n}{section.4.9}% 140
\BOOKMARK [3][-]{subsubsection.4.9.2.1}{\376\377\000D\000e\000l\000e\000t\000e\000O\000b\000j\000e\000c\000t}{subsection.4.9.2}% 141
\BOOKMARK [3][-]{subsubsection.4.9.2.2}{\376\377\000G\000e\000t\000P\000o\000s\000i\000t\000i\000o\000n}{subsection.4.9.2}% 142
\BOOKMARK [3][-]{subsubsection.4.9.2.3}{\376\377\000S\000h\000a\000d\000e\000r}{subsection.4.9.2}% 143
\BOOKMARK [3][-]{subsubsection.4.9.2.4}{\376\377\000S\000h\000a\000d\000e\000r}{subsection.4.9.2}% 144
\BOOKMARK [2][-]{subsection.4.9.3}{\376\377\000M\000e\000m\000b\000e\000r\000\040\000D\000a\000t\000a\000\040\000D\000o\000c\000u\000m\000e\000n\000t\000a\000t\000i\000o\000n}{section.4.9}% 145
\BOOKMARK [3][-]{subsubsection.4.9.3.1}{\376\377\000d\000r\000a\000w\000\137\000m\000o\000d\000e}{subsection.4.9.3}% 146
\BOOKMARK [3][-]{subsubsection.4.9.3.2}{\376\377\000h\000a\000n\000d\000l\000e\000s}{subsection.4.9.3}% 147
\BOOKMARK [3][-]{subsubsection.4.9.3.3}{\376\377\000n\000a\000m\000e}{subsection.4.9.3}% 148
\BOOKMARK [3][-]{subsubsection.4.9.3.4}{\376\377\000v\000a\000o}{subsection.4.9.3}% 149
\BOOKMARK [1][-]{section.4.10}{\376\377\000R\000o\000t\000M\000a\000t\000\040\000C\000l\000a\000s\000s\000\040\000R\000e\000f\000e\000r\000e\000n\000c\000e}{chapter.4}% 150
\BOOKMARK [2][-]{subsection.4.10.1}{\376\377\000D\000e\000t\000a\000i\000l\000e\000d\000\040\000D\000e\000s\000c\000r\000i\000p\000t\000i\000o\000n}{section.4.10}% 151
\BOOKMARK [1][-]{section.4.11}{\376\377\000S\000c\000a\000l\000e\000M\000a\000t\000\040\000C\000l\000a\000s\000s\000\040\000R\000e\000f\000e\000r\000e\000n\000c\000e}{chapter.4}% 152
\BOOKMARK [2][-]{subsection.4.11.1}{\376\377\000D\000e\000t\000a\000i\000l\000e\000d\000\040\000D\000e\000s\000c\000r\000i\000p\000t\000i\000o\000n}{section.4.11}% 153
\BOOKMARK [1][-]{section.4.12}{\376\377\000S\000c\000e\000n\000e\000\040\000C\000l\000a\000s\000s\000\040\000R\000e\000f\000e\000r\000e\000n\000c\000e}{chapter.4}% 154
\BOOKMARK [2][-]{subsection.4.12.1}{\376\377\000D\000e\000t\000a\000i\000l\000e\000d\000\040\000D\000e\000s\000c\000r\000i\000p\000t\000i\000o\000n}{section.4.12}% 155
\BOOKMARK [2][-]{subsection.4.12.2}{\376\377\000M\000e\000m\000b\000e\000r\000\040\000F\000u\000n\000c\000t\000i\000o\000n\000\040\000D\000o\000c\000u\000m\000e\000n\000t\000a\000t\000i\000o\000n}{section.4.12}% 156
\BOOKMARK [3][-]{subsubsection.4.12.2.1}{\376\377\000D\000e\000l\000e\000t\000e\000O\000b\000j\000e\000c\000t}{subsection.4.12.2}% 157
\BOOKMARK [3][-]{subsubsection.4.12.2.2}{\376\377\000S\000h\000a\000d\000e\000r}{subsection.4.12.2}% 158
\BOOKMARK [3][-]{subsubsection.4.12.2.3}{\376\377\000S\000h\000a\000d\000e\000r}{subsection.4.12.2}% 159
\BOOKMARK [1][-]{section.4.13}{\376\377\000S\000c\000r\000e\000e\000n\000\040\000C\000l\000a\000s\000s\000\040\000R\000e\000f\000e\000r\000e\000n\000c\000e}{chapter.4}% 160
\BOOKMARK [2][-]{subsection.4.13.1}{\376\377\000D\000e\000t\000a\000i\000l\000e\000d\000\040\000D\000e\000s\000c\000r\000i\000p\000t\000i\000o\000n}{section.4.13}% 161
\BOOKMARK [1][-]{section.4.14}{\376\377\000S\000p\000e\000l\000c\000h\000k\000C\000a\000m\000e\000r\000a\000\040\000C\000l\000a\000s\000s\000\040\000R\000e\000f\000e\000r\000e\000n\000c\000e}{chapter.4}% 162
\BOOKMARK [2][-]{subsection.4.14.1}{\376\377\000D\000e\000t\000a\000i\000l\000e\000d\000\040\000D\000e\000s\000c\000r\000i\000p\000t\000i\000o\000n}{section.4.14}% 163
\BOOKMARK [1][-]{section.4.15}{\376\377\000T\000i\000m\000e\000r\000\040\000C\000l\000a\000s\000s\000\040\000R\000e\000f\000e\000r\000e\000n\000c\000e}{chapter.4}% 164
\BOOKMARK [2][-]{subsection.4.15.1}{\376\377\000D\000e\000t\000a\000i\000l\000e\000d\000\040\000D\000e\000s\000c\000r\000i\000p\000t\000i\000o\000n}{section.4.15}% 165
\BOOKMARK [2][-]{subsection.4.15.2}{\376\377\000M\000e\000m\000b\000e\000r\000\040\000F\000u\000n\000c\000t\000i\000o\000n\000\040\000D\000o\000c\000u\000m\000e\000n\000t\000a\000t\000i\000o\000n}{section.4.15}% 166
\BOOKMARK [3][-]{subsubsection.4.15.2.1}{\376\377\000D\000e\000l\000t\000a}{subsection.4.15.2}% 167
\BOOKMARK [3][-]{subsubsection.4.15.2.2}{\376\377\000S\000c\000a\000l\000e}{subsection.4.15.2}% 168
\BOOKMARK [3][-]{subsubsection.4.15.2.3}{\376\377\000T\000i\000c\000k}{subsection.4.15.2}% 169
\BOOKMARK [3][-]{subsubsection.4.15.2.4}{\376\377\000T\000o\000c\000k}{subsection.4.15.2}% 170
\BOOKMARK [1][-]{section.4.16}{\376\377\000T\000r\000a\000n\000s\000C\000a\000c\000h\000e\000\040\000C\000l\000a\000s\000s\000\040\000R\000e\000f\000e\000r\000e\000n\000c\000e}{chapter.4}% 171
\BOOKMARK [2][-]{subsection.4.16.1}{\376\377\000D\000e\000t\000a\000i\000l\000e\000d\000\040\000D\000e\000s\000c\000r\000i\000p\000t\000i\000o\000n}{section.4.16}% 172
\BOOKMARK [1][-]{section.4.17}{\376\377\000T\000r\000a\000n\000s\000f\000o\000r\000m\000a\000t\000i\000o\000n\000\040\000C\000l\000a\000s\000s\000\040\000R\000e\000f\000e\000r\000e\000n\000c\000e}{chapter.4}% 173
\BOOKMARK [2][-]{subsection.4.17.1}{\376\377\000D\000e\000t\000a\000i\000l\000e\000d\000\040\000D\000e\000s\000c\000r\000i\000p\000t\000i\000o\000n}{section.4.17}% 174
\BOOKMARK [1][-]{section.4.18}{\376\377\000T\000r\000a\000n\000s\000M\000a\000t\000\040\000C\000l\000a\000s\000s\000\040\000R\000e\000f\000e\000r\000e\000n\000c\000e}{chapter.4}% 175
\BOOKMARK [2][-]{subsection.4.18.1}{\376\377\000D\000e\000t\000a\000i\000l\000e\000d\000\040\000D\000e\000s\000c\000r\000i\000p\000t\000i\000o\000n}{section.4.18}% 176
\BOOKMARK [1][-]{section.4.19}{\376\377\000A\000n\000g\000e\000l\000:\000:\000v\000e\000c\0002\000\040\000S\000t\000r\000u\000c\000t\000\040\000R\000e\000f\000e\000r\000e\000n\000c\000e}{chapter.4}% 177
\BOOKMARK [2][-]{subsection.4.19.1}{\376\377\000D\000e\000t\000a\000i\000l\000e\000d\000\040\000D\000e\000s\000c\000r\000i\000p\000t\000i\000o\000n}{section.4.19}% 178
\BOOKMARK [1][-]{section.4.20}{\376\377\000A\000n\000g\000e\000l\000:\000:\000v\000e\000c\0003\000\040\000S\000t\000r\000u\000c\000t\000\040\000R\000e\000f\000e\000r\000e\000n\000c\000e}{chapter.4}% 179
\BOOKMARK [2][-]{subsection.4.20.1}{\376\377\000D\000e\000t\000a\000i\000l\000e\000d\000\040\000D\000e\000s\000c\000r\000i\000p\000t\000i\000o\000n}{section.4.20}% 180
\BOOKMARK [1][-]{section.4.21}{\376\377\000A\000n\000g\000e\000l\000:\000:\000v\000e\000c\0004\000\040\000S\000t\000r\000u\000c\000t\000\040\000R\000e\000f\000e\000r\000e\000n\000c\000e}{chapter.4}% 181
\BOOKMARK [2][-]{subsection.4.21.1}{\376\377\000D\000e\000t\000a\000i\000l\000e\000d\000\040\000D\000e\000s\000c\000r\000i\000p\000t\000i\000o\000n}{section.4.21}% 182
\BOOKMARK [1][-]{section.4.22}{\376\377\000w\000i\000i\000P\000o\000l\000l\000D\000a\000t\000a\000\040\000S\000t\000r\000u\000c\000t\000\040\000R\000e\000f\000e\000r\000e\000n\000c\000e}{chapter.4}% 183
\BOOKMARK [2][-]{subsection.4.22.1}{\376\377\000D\000e\000t\000a\000i\000l\000e\000d\000\040\000D\000e\000s\000c\000r\000i\000p\000t\000i\000o\000n}{section.4.22}% 184
\BOOKMARK [0][-]{chapter.5}{\376\377\000F\000i\000l\000e\000\040\000D\000o\000c\000u\000m\000e\000n\000t\000a\000t\000i\000o\000n}{}% 185
\BOOKMARK [1][-]{section.5.1}{\376\377\000C\000a\000m\000e\000r\000a\000.\000c\000p\000p\000\040\000F\000i\000l\000e\000\040\000R\000e\000f\000e\000r\000e\000n\000c\000e}{chapter.5}% 186
\BOOKMARK [2][-]{subsection.5.1.1}{\376\377\000D\000e\000t\000a\000i\000l\000e\000d\000\040\000D\000e\000s\000c\000r\000i\000p\000t\000i\000o\000n}{section.5.1}% 187
\BOOKMARK [2][-]{subsection.5.1.2}{\376\377\000M\000a\000c\000r\000o\000\040\000D\000e\000f\000i\000n\000i\000t\000i\000o\000n\000\040\000D\000o\000c\000u\000m\000e\000n\000t\000a\000t\000i\000o\000n}{section.5.1}% 188
\BOOKMARK [3][-]{subsubsection.5.1.2.1}{\376\377\000R\000O\000T\000A\000T\000E\000\137\000O\000F\000F\000S\000E\000T}{subsection.5.1.2}% 189
\BOOKMARK [1][-]{section.5.2}{\376\377\000C\000a\000m\000e\000r\000a\000.\000h\000p\000p\000\040\000F\000i\000l\000e\000\040\000R\000e\000f\000e\000r\000e\000n\000c\000e}{chapter.5}% 190
\BOOKMARK [2][-]{subsection.5.2.1}{\376\377\000D\000e\000t\000a\000i\000l\000e\000d\000\040\000D\000e\000s\000c\000r\000i\000p\000t\000i\000o\000n}{section.5.2}% 191
\BOOKMARK [1][-]{section.5.3}{\376\377\000C\000a\000m\000e\000r\000a\000s\000.\000c\000p\000p\000\040\000F\000i\000l\000e\000\040\000R\000e\000f\000e\000r\000e\000n\000c\000e}{chapter.5}% 192
\BOOKMARK [2][-]{subsection.5.3.1}{\376\377\000D\000e\000t\000a\000i\000l\000e\000d\000\040\000D\000e\000s\000c\000r\000i\000p\000t\000i\000o\000n}{section.5.3}% 193
\BOOKMARK [1][-]{section.5.4}{\376\377\000C\000a\000m\000e\000r\000a\000s\000.\000h\000p\000p\000\040\000F\000i\000l\000e\000\040\000R\000e\000f\000e\000r\000e\000n\000c\000e}{chapter.5}% 194
\BOOKMARK [2][-]{subsection.5.4.1}{\376\377\000D\000e\000t\000a\000i\000l\000e\000d\000\040\000D\000e\000s\000c\000r\000i\000p\000t\000i\000o\000n}{section.5.4}% 195
\BOOKMARK [1][-]{section.5.5}{\376\377\000d\000s\000.\000c\000p\000p\000\040\000F\000i\000l\000e\000\040\000R\000e\000f\000e\000r\000e\000n\000c\000e}{chapter.5}% 196
\BOOKMARK [2][-]{subsection.5.5.1}{\376\377\000D\000e\000t\000a\000i\000l\000e\000d\000\040\000D\000e\000s\000c\000r\000i\000p\000t\000i\000o\000n}{section.5.5}% 197
\BOOKMARK [2][-]{subsection.5.5.2}{\376\377\000F\000u\000n\000c\000t\000i\000o\000n\000\040\000D\000o\000c\000u\000m\000e\000n\000t\000a\000t\000i\000o\000n}{section.5.5}% 198
\BOOKMARK [3][-]{subsubsection.5.5.2.1}{\376\377\000m\000a\000i\000n}{subsection.5.5.2}% 199
\BOOKMARK [1][-]{section.5.6}{\376\377\000E\000n\000g\000i\000n\000e\000.\000c\000p\000p\000\040\000F\000i\000l\000e\000\040\000R\000e\000f\000e\000r\000e\000n\000c\000e}{chapter.5}% 200
\BOOKMARK [2][-]{subsection.5.6.1}{\376\377\000D\000e\000t\000a\000i\000l\000e\000d\000\040\000D\000e\000s\000c\000r\000i\000p\000t\000i\000o\000n}{section.5.6}% 201
\BOOKMARK [1][-]{section.5.7}{\376\377\000E\000n\000g\000i\000n\000e\000.\000h\000p\000p\000\040\000F\000i\000l\000e\000\040\000R\000e\000f\000e\000r\000e\000n\000c\000e}{chapter.5}% 202
\BOOKMARK [2][-]{subsection.5.7.1}{\376\377\000D\000e\000t\000a\000i\000l\000e\000d\000\040\000D\000e\000s\000c\000r\000i\000p\000t\000i\000o\000n}{section.5.7}% 203
\BOOKMARK [1][-]{section.5.8}{\376\377\000g\000l\000o\000b\000a\000l\000s\000.\000h\000\040\000F\000i\000l\000e\000\040\000R\000e\000f\000e\000r\000e\000n\000c\000e}{chapter.5}% 204
\BOOKMARK [2][-]{subsection.5.8.1}{\376\377\000D\000e\000t\000a\000i\000l\000e\000d\000\040\000D\000e\000s\000c\000r\000i\000p\000t\000i\000o\000n}{section.5.8}% 205
\BOOKMARK [2][-]{subsection.5.8.2}{\376\377\000M\000a\000c\000r\000o\000\040\000D\000e\000f\000i\000n\000i\000t\000i\000o\000n\000\040\000D\000o\000c\000u\000m\000e\000n\000t\000a\000t\000i\000o\000n}{section.5.8}% 206
\BOOKMARK [3][-]{subsubsection.5.8.2.1}{\376\377\000D\000E\000G\000R\000E\000E\000S\000\137\000T\000O\000\137\000R\000A\000D\000I\000A\000N\000S}{subsection.5.8.2}% 207
\BOOKMARK [3][-]{subsubsection.5.8.2.2}{\376\377\000P\000O\000W\0005}{subsection.5.8.2}% 208
\BOOKMARK [3][-]{subsubsection.5.8.2.3}{\376\377\000S\000Q\000R\000T\0002}{subsection.5.8.2}% 209
\BOOKMARK [3][-]{subsubsection.5.8.2.4}{\376\377\000S\000Q\000R\000T\0003}{subsection.5.8.2}% 210
\BOOKMARK [2][-]{subsection.5.8.3}{\376\377\000V\000a\000r\000i\000a\000b\000l\000e\000\040\000D\000o\000c\000u\000m\000e\000n\000t\000a\000t\000i\000o\000n}{section.5.8}% 211
\BOOKMARK [3][-]{subsubsection.5.8.3.1}{\376\377\000P\000O\000S\000T\000M\000U\000L\000T}{subsection.5.8.3}% 212
\BOOKMARK [3][-]{subsubsection.5.8.3.2}{\376\377\000P\000R\000E\000M\000U\000L\000T}{subsection.5.8.3}% 213
\BOOKMARK [1][-]{section.5.9}{\376\377\000g\000l\000u\000t\000\137\000c\000a\000l\000l\000b\000a\000c\000k\000s\000.\000c\000p\000p\000\040\000F\000i\000l\000e\000\040\000R\000e\000f\000e\000r\000e\000n\000c\000e}{chapter.5}% 214
\BOOKMARK [2][-]{subsection.5.9.1}{\376\377\000D\000e\000t\000a\000i\000l\000e\000d\000\040\000D\000e\000s\000c\000r\000i\000p\000t\000i\000o\000n}{section.5.9}% 215
\BOOKMARK [2][-]{subsection.5.9.2}{\376\377\000F\000u\000n\000c\000t\000i\000o\000n\000\040\000D\000o\000c\000u\000m\000e\000n\000t\000a\000t\000i\000o\000n}{section.5.9}% 216
\BOOKMARK [3][-]{subsubsection.5.9.2.1}{\376\377\000k\000e\000y\000b\000o\000a\000r\000d}{subsection.5.9.2}% 217
\BOOKMARK [3][-]{subsubsection.5.9.2.2}{\376\377\000k\000e\000y\000b\000o\000a\000r\000d\000\137\000c\000t\000r\000l}{subsection.5.9.2}% 218
\BOOKMARK [3][-]{subsubsection.5.9.2.3}{\376\377\000k\000e\000y\000l\000i\000f\000t}{subsection.5.9.2}% 219
\BOOKMARK [3][-]{subsubsection.5.9.2.4}{\376\377\000m\000o\000u\000s\000e}{subsection.5.9.2}% 220
\BOOKMARK [3][-]{subsubsection.5.9.2.5}{\376\377\000m\000o\000u\000s\000e\000l\000o\000o\000k}{subsection.5.9.2}% 221
\BOOKMARK [3][-]{subsubsection.5.9.2.6}{\376\377\000m\000o\000u\000s\000e\000r\000o\000l\000l}{subsection.5.9.2}% 222
\BOOKMARK [3][-]{subsubsection.5.9.2.7}{\376\377\000r\000e\000s\000i\000z\000e\000E\000v\000e\000n\000t}{subsection.5.9.2}% 223
\BOOKMARK [1][-]{section.5.10}{\376\377\000g\000l\000u\000t\000\137\000c\000a\000l\000l\000b\000a\000c\000k\000s\000.\000h\000\040\000F\000i\000l\000e\000\040\000R\000e\000f\000e\000r\000e\000n\000c\000e}{chapter.5}% 224
\BOOKMARK [2][-]{subsection.5.10.1}{\376\377\000D\000e\000t\000a\000i\000l\000e\000d\000\040\000D\000e\000s\000c\000r\000i\000p\000t\000i\000o\000n}{section.5.10}% 225
\BOOKMARK [2][-]{subsection.5.10.2}{\376\377\000F\000u\000n\000c\000t\000i\000o\000n\000\040\000D\000o\000c\000u\000m\000e\000n\000t\000a\000t\000i\000o\000n}{section.5.10}% 226
\BOOKMARK [3][-]{subsubsection.5.10.2.1}{\376\377\000k\000e\000y\000b\000o\000a\000r\000d}{subsection.5.10.2}% 227
\BOOKMARK [3][-]{subsubsection.5.10.2.2}{\376\377\000k\000e\000y\000b\000o\000a\000r\000d\000\137\000c\000t\000r\000l}{subsection.5.10.2}% 228
\BOOKMARK [3][-]{subsubsection.5.10.2.3}{\376\377\000k\000e\000y\000l\000i\000f\000t}{subsection.5.10.2}% 229
\BOOKMARK [3][-]{subsubsection.5.10.2.4}{\376\377\000m\000o\000u\000s\000e}{subsection.5.10.2}% 230
\BOOKMARK [3][-]{subsubsection.5.10.2.5}{\376\377\000m\000o\000u\000s\000e\000l\000o\000o\000k}{subsection.5.10.2}% 231
\BOOKMARK [3][-]{subsubsection.5.10.2.6}{\376\377\000m\000o\000u\000s\000e\000r\000o\000l\000l}{subsection.5.10.2}% 232
\BOOKMARK [3][-]{subsubsection.5.10.2.7}{\376\377\000r\000e\000s\000i\000z\000e\000E\000v\000e\000n\000t}{subsection.5.10.2}% 233
\BOOKMARK [1][-]{section.5.11}{\376\377\000I\000n\000i\000t\000S\000h\000a\000d\000e\000r\000.\000c\000p\000p\000\040\000F\000i\000l\000e\000\040\000R\000e\000f\000e\000r\000e\000n\000c\000e}{chapter.5}% 234
\BOOKMARK [2][-]{subsection.5.11.1}{\376\377\000D\000e\000t\000a\000i\000l\000e\000d\000\040\000D\000e\000s\000c\000r\000i\000p\000t\000i\000o\000n}{section.5.11}% 235
\BOOKMARK [2][-]{subsection.5.11.2}{\376\377\000M\000a\000c\000r\000o\000\040\000D\000e\000f\000i\000n\000i\000t\000i\000o\000n\000\040\000D\000o\000c\000u\000m\000e\000n\000t\000a\000t\000i\000o\000n}{section.5.11}% 236
\BOOKMARK [3][-]{subsubsection.5.11.2.1}{\376\377\000G\000E\000O\000M\000E\000T\000R\000Y\000\137\000V\000E\000R\000T\000I\000C\000E\000S\000\137\000O\000U\000T\000\137\000E\000X\000T}{subsection.5.11.2}% 237
\BOOKMARK [3][-]{subsubsection.5.11.2.2}{\376\377\000G\000L\000\137\000G\000E\000O\000M\000E\000T\000R\000Y\000\137\000S\000H\000A\000D\000E\000R}{subsection.5.11.2}% 238
\BOOKMARK [1][-]{section.5.12}{\376\377\000I\000n\000i\000t\000S\000h\000a\000d\000e\000r\000.\000h\000p\000p\000\040\000F\000i\000l\000e\000\040\000R\000e\000f\000e\000r\000e\000n\000c\000e}{chapter.5}% 239
\BOOKMARK [2][-]{subsection.5.12.1}{\376\377\000D\000e\000t\000a\000i\000l\000e\000d\000\040\000D\000e\000s\000c\000r\000i\000p\000t\000i\000o\000n}{section.5.12}% 240
\BOOKMARK [1][-]{section.5.13}{\376\377\000K\000i\000n\000e\000c\000t\000I\000n\000a\000t\000o\000r\000.\000c\000p\000p\000\040\000F\000i\000l\000e\000\040\000R\000e\000f\000e\000r\000e\000n\000c\000e}{chapter.5}% 241
\BOOKMARK [2][-]{subsection.5.13.1}{\376\377\000D\000e\000t\000a\000i\000l\000e\000d\000\040\000D\000e\000s\000c\000r\000i\000p\000t\000i\000o\000n}{section.5.13}% 242
\BOOKMARK [2][-]{subsection.5.13.2}{\376\377\000M\000a\000c\000r\000o\000\040\000D\000e\000f\000i\000n\000i\000t\000i\000o\000n\000\040\000D\000o\000c\000u\000m\000e\000n\000t\000a\000t\000i\000o\000n}{section.5.13}% 243
\BOOKMARK [3][-]{subsubsection.5.13.2.1}{\376\377\000C\000H\000E\000C\000K\000\137\000R\000C}{subsection.5.13.2}% 244
\BOOKMARK [1][-]{section.5.14}{\376\377\000K\000i\000n\000e\000c\000t\000I\000n\000a\000t\000o\000r\000.\000h\000p\000p\000\040\000F\000i\000l\000e\000\040\000R\000e\000f\000e\000r\000e\000n\000c\000e}{chapter.5}% 245
\BOOKMARK [2][-]{subsection.5.14.1}{\376\377\000D\000e\000t\000a\000i\000l\000e\000d\000\040\000D\000e\000s\000c\000r\000i\000p\000t\000i\000o\000n}{section.5.14}% 246
\BOOKMARK [1][-]{section.5.15}{\376\377\000m\000a\000t\000.\000c\000p\000p\000\040\000F\000i\000l\000e\000\040\000R\000e\000f\000e\000r\000e\000n\000c\000e}{chapter.5}% 247
\BOOKMARK [2][-]{subsection.5.15.1}{\376\377\000D\000e\000t\000a\000i\000l\000e\000d\000\040\000D\000e\000s\000c\000r\000i\000p\000t\000i\000o\000n}{section.5.15}% 248
\BOOKMARK [1][-]{section.5.16}{\376\377\000m\000a\000t\000.\000h\000p\000p\000\040\000F\000i\000l\000e\000\040\000R\000e\000f\000e\000r\000e\000n\000c\000e}{chapter.5}% 249
\BOOKMARK [2][-]{subsection.5.16.1}{\376\377\000D\000e\000t\000a\000i\000l\000e\000d\000\040\000D\000e\000s\000c\000r\000i\000p\000t\000i\000o\000n}{section.5.16}% 250
\BOOKMARK [2][-]{subsection.5.16.2}{\376\377\000M\000a\000c\000r\000o\000\040\000D\000e\000f\000i\000n\000i\000t\000i\000o\000n\000\040\000D\000o\000c\000u\000m\000e\000n\000t\000a\000t\000i\000o\000n}{section.5.16}% 251
\BOOKMARK [3][-]{subsubsection.5.16.2.1}{\376\377\000E\000r\000r\000o\000r}{subsection.5.16.2}% 252
\BOOKMARK [1][-]{section.5.17}{\376\377\000m\000o\000d\000e\000l\000.\000c\000p\000p\000\040\000F\000i\000l\000e\000\040\000R\000e\000f\000e\000r\000e\000n\000c\000e}{chapter.5}% 253
\BOOKMARK [2][-]{subsection.5.17.1}{\376\377\000D\000e\000t\000a\000i\000l\000e\000d\000\040\000D\000e\000s\000c\000r\000i\000p\000t\000i\000o\000n}{section.5.17}% 254
\BOOKMARK [2][-]{subsection.5.17.2}{\376\377\000M\000a\000c\000r\000o\000\040\000D\000e\000f\000i\000n\000i\000t\000i\000o\000n\000\040\000D\000o\000c\000u\000m\000e\000n\000t\000a\000t\000i\000o\000n}{section.5.17}% 255
\BOOKMARK [3][-]{subsubsection.5.17.2.1}{\376\377\000Q\000U\000A\000D}{subsection.5.17.2}% 256
\BOOKMARK [2][-]{subsection.5.17.3}{\376\377\000T\000y\000p\000e\000d\000e\000f\000\040\000D\000o\000c\000u\000m\000e\000n\000t\000a\000t\000i\000o\000n}{section.5.17}% 257
\BOOKMARK [3][-]{subsubsection.5.17.3.1}{\376\377\000c\000o\000l\000o\000r\0004}{subsection.5.17.3}% 258
\BOOKMARK [3][-]{subsubsection.5.17.3.2}{\376\377\000p\000o\000i\000n\000t\0004}{subsection.5.17.3}% 259
\BOOKMARK [2][-]{subsection.5.17.4}{\376\377\000F\000u\000n\000c\000t\000i\000o\000n\000\040\000D\000o\000c\000u\000m\000e\000n\000t\000a\000t\000i\000o\000n}{section.5.17}% 260
\BOOKMARK [3][-]{subsubsection.5.17.4.1}{\376\377\000c\000a\000l\000c\000N\000o\000r\000m\000a\000l}{subsection.5.17.4}% 261
\BOOKMARK [3][-]{subsubsection.5.17.4.2}{\376\377\000c\000o\000l\000o\000r\000C\000u\000b\000e}{subsection.5.17.4}% 262
\BOOKMARK [3][-]{subsubsection.5.17.4.3}{\376\377\000c\000r\000e\000a\000t\000e\000P\000o\000i\000n\000t}{subsection.5.17.4}% 263
\BOOKMARK [3][-]{subsubsection.5.17.4.4}{\376\377\000c\000u\000b\000e}{subsection.5.17.4}% 264
\BOOKMARK [3][-]{subsubsection.5.17.4.5}{\376\377\000d\000i\000v\000i\000d\000e\000T\000r\000i\000a\000n\000g\000l\000e}{subsection.5.17.4}% 265
\BOOKMARK [3][-]{subsubsection.5.17.4.6}{\376\377\000j\000i\000t\000t\000e\000r}{subsection.5.17.4}% 266
\BOOKMARK [3][-]{subsubsection.5.17.4.7}{\376\377\000l\000a\000n\000d\000G\000e\000n}{subsection.5.17.4}% 267
\BOOKMARK [3][-]{subsubsection.5.17.4.8}{\376\377\000m\000a\000k\000e\000A\000g\000u\000a}{subsection.5.17.4}% 268
\BOOKMARK [3][-]{subsubsection.5.17.4.9}{\376\377\000q\000u\000a\000d}{subsection.5.17.4}% 269
\BOOKMARK [3][-]{subsubsection.5.17.4.10}{\376\377\000r\000a\000n\000d\000F\000l\000o\000a\000t}{subsection.5.17.4}% 270
\BOOKMARK [3][-]{subsubsection.5.17.4.11}{\376\377\000r\000e\000c\000u\000r\000s\000i\000v\000e\000M\000o\000d\000e\000l\000G\000e\000n}{subsection.5.17.4}% 271
\BOOKMARK [3][-]{subsubsection.5.17.4.12}{\376\377\000s\000i\000e\000r\000p\000i\000n\000s\000k\000i\000P\000y\000r\000a\000m\000i\000d}{subsection.5.17.4}% 272
\BOOKMARK [3][-]{subsubsection.5.17.4.13}{\376\377\000s\000p\000h\000e\000r\000e}{subsection.5.17.4}% 273
\BOOKMARK [3][-]{subsubsection.5.17.4.14}{\376\377\000t\000e\000t\000r\000a}{subsection.5.17.4}% 274
\BOOKMARK [3][-]{subsubsection.5.17.4.15}{\376\377\000t\000r\000i\000a\000n\000g\000l\000e}{subsection.5.17.4}% 275
\BOOKMARK [3][-]{subsubsection.5.17.4.16}{\376\377\000u\000n\000i\000t}{subsection.5.17.4}% 276
\BOOKMARK [1][-]{section.5.18}{\376\377\000m\000o\000d\000e\000l\000.\000h\000p\000p\000\040\000F\000i\000l\000e\000\040\000R\000e\000f\000e\000r\000e\000n\000c\000e}{chapter.5}% 277
\BOOKMARK [2][-]{subsection.5.18.1}{\376\377\000D\000e\000t\000a\000i\000l\000e\000d\000\040\000D\000e\000s\000c\000r\000i\000p\000t\000i\000o\000n}{section.5.18}% 278
\BOOKMARK [2][-]{subsection.5.18.2}{\376\377\000T\000y\000p\000e\000d\000e\000f\000\040\000D\000o\000c\000u\000m\000e\000n\000t\000a\000t\000i\000o\000n}{section.5.18}% 279
\BOOKMARK [3][-]{subsubsection.5.18.2.1}{\376\377\000c\000o\000l\000o\000r\0004}{subsection.5.18.2}% 280
\BOOKMARK [3][-]{subsubsection.5.18.2.2}{\376\377\000p\000o\000i\000n\000t\0004}{subsection.5.18.2}% 281
\BOOKMARK [2][-]{subsection.5.18.3}{\376\377\000F\000u\000n\000c\000t\000i\000o\000n\000\040\000D\000o\000c\000u\000m\000e\000n\000t\000a\000t\000i\000o\000n}{section.5.18}% 282
\BOOKMARK [3][-]{subsubsection.5.18.3.1}{\376\377\000c\000o\000l\000o\000r\000C\000u\000b\000e}{subsection.5.18.3}% 283
\BOOKMARK [3][-]{subsubsection.5.18.3.2}{\376\377\000c\000r\000e\000a\000t\000e\000P\000o\000i\000n\000t}{subsection.5.18.3}% 284
\BOOKMARK [3][-]{subsubsection.5.18.3.3}{\376\377\000c\000u\000b\000e}{subsection.5.18.3}% 285
\BOOKMARK [3][-]{subsubsection.5.18.3.4}{\376\377\000d\000i\000v\000i\000d\000e\000T\000r\000i\000a\000n\000g\000l\000e}{subsection.5.18.3}% 286
\BOOKMARK [3][-]{subsubsection.5.18.3.5}{\376\377\000l\000a\000n\000d\000G\000e\000n}{subsection.5.18.3}% 287
\BOOKMARK [3][-]{subsubsection.5.18.3.6}{\376\377\000m\000a\000k\000e\000A\000g\000u\000a}{subsection.5.18.3}% 288
\BOOKMARK [3][-]{subsubsection.5.18.3.7}{\376\377\000q\000u\000a\000d}{subsection.5.18.3}% 289
\BOOKMARK [3][-]{subsubsection.5.18.3.8}{\376\377\000r\000e\000c\000u\000r\000s\000i\000v\000e\000M\000o\000d\000e\000l\000G\000e\000n}{subsection.5.18.3}% 290
\BOOKMARK [3][-]{subsubsection.5.18.3.9}{\376\377\000s\000i\000e\000r\000p\000i\000n\000s\000k\000i\000P\000y\000r\000a\000m\000i\000d}{subsection.5.18.3}% 291
\BOOKMARK [3][-]{subsubsection.5.18.3.10}{\376\377\000s\000p\000h\000e\000r\000e}{subsection.5.18.3}% 292
\BOOKMARK [3][-]{subsubsection.5.18.3.11}{\376\377\000t\000e\000t\000r\000a}{subsection.5.18.3}% 293
\BOOKMARK [3][-]{subsubsection.5.18.3.12}{\376\377\000t\000r\000i\000a\000n\000g\000l\000e}{subsection.5.18.3}% 294
\BOOKMARK [1][-]{section.5.19}{\376\377\000O\000b\000j\000L\000o\000a\000d\000e\000r\000.\000c\000p\000p\000\040\000F\000i\000l\000e\000\040\000R\000e\000f\000e\000r\000e\000n\000c\000e}{chapter.5}% 295
\BOOKMARK [2][-]{subsection.5.19.1}{\376\377\000D\000e\000t\000a\000i\000l\000e\000d\000\040\000D\000e\000s\000c\000r\000i\000p\000t\000i\000o\000n}{section.5.19}% 296
\BOOKMARK [2][-]{subsection.5.19.2}{\376\377\000M\000a\000c\000r\000o\000\040\000D\000e\000f\000i\000n\000i\000t\000i\000o\000n\000\040\000D\000o\000c\000u\000m\000e\000n\000t\000a\000t\000i\000o\000n}{section.5.19}% 297
\BOOKMARK [3][-]{subsubsection.5.19.2.1}{\376\377\000R\000A\000N\000D\000\137\000F\000L\000O\000A\000T}{subsection.5.19.2}% 298
\BOOKMARK [1][-]{section.5.20}{\376\377\000O\000b\000j\000L\000o\000a\000d\000e\000r\000.\000h\000p\000p\000\040\000F\000i\000l\000e\000\040\000R\000e\000f\000e\000r\000e\000n\000c\000e}{chapter.5}% 299
\BOOKMARK [2][-]{subsection.5.20.1}{\376\377\000D\000e\000t\000a\000i\000l\000e\000d\000\040\000D\000e\000s\000c\000r\000i\000p\000t\000i\000o\000n}{section.5.20}% 300
\BOOKMARK [1][-]{section.5.21}{\376\377\000t\000e\000r\000r\000a\000i\000n\000.\000c\000p\000p\000\040\000F\000i\000l\000e\000\040\000R\000e\000f\000e\000r\000e\000n\000c\000e}{chapter.5}% 301
\BOOKMARK [2][-]{subsection.5.21.1}{\376\377\000D\000e\000t\000a\000i\000l\000e\000d\000\040\000D\000e\000s\000c\000r\000i\000p\000t\000i\000o\000n}{section.5.21}% 302
\BOOKMARK [2][-]{subsection.5.21.2}{\376\377\000F\000u\000n\000c\000t\000i\000o\000n\000\040\000D\000o\000c\000u\000m\000e\000n\000t\000a\000t\000i\000o\000n}{section.5.21}% 303
\BOOKMARK [3][-]{subsubsection.5.21.2.1}{\376\377\000c\000l\000e\000a\000n\000u\000p}{subsection.5.21.2}% 304
\BOOKMARK [3][-]{subsubsection.5.21.2.2}{\376\377\000d\000i\000s\000p\000l\000a\000y}{subsection.5.21.2}% 305
\BOOKMARK [3][-]{subsubsection.5.21.2.3}{\376\377\000d\000i\000s\000p\000l\000a\000y\000V\000i\000e\000w\000p\000o\000r\000t}{subsection.5.21.2}% 306
\BOOKMARK [3][-]{subsubsection.5.21.2.4}{\376\377\000i\000n\000i\000t}{subsection.5.21.2}% 307
\BOOKMARK [3][-]{subsubsection.5.21.2.5}{\376\377\000r\000a\000n\000d\000o\000m\000i\000z\000e\000\137\000t\000e\000r\000r\000a\000i\000n}{subsection.5.21.2}% 308
\BOOKMARK [3][-]{subsubsection.5.21.2.6}{\376\377\000T\000e\000r\000r\000a\000i\000n\000G\000e\000n\000e\000r\000a\000t\000i\000o\000n\000A\000n\000i\000m\000a\000t\000i\000o\000n}{subsection.5.21.2}% 309
\BOOKMARK [3][-]{subsubsection.5.21.2.7}{\376\377\000w\000i\000i\000l\000o\000o\000k}{subsection.5.21.2}% 310
\BOOKMARK [2][-]{subsection.5.21.3}{\376\377\000V\000a\000r\000i\000a\000b\000l\000e\000\040\000D\000o\000c\000u\000m\000e\000n\000t\000a\000t\000i\000o\000n}{section.5.21}% 311
\BOOKMARK [3][-]{subsubsection.5.21.3.1}{\376\377\000t\000e\000r\000r\000a\000i\000n\000T\000e\000x}{subsection.5.21.3}% 312
\BOOKMARK [1][-]{section.5.22}{\376\377\000v\000e\000c\000.\000c\000p\000p\000\040\000F\000i\000l\000e\000\040\000R\000e\000f\000e\000r\000e\000n\000c\000e}{chapter.5}% 313
\BOOKMARK [2][-]{subsection.5.22.1}{\376\377\000D\000e\000t\000a\000i\000l\000e\000d\000\040\000D\000e\000s\000c\000r\000i\000p\000t\000i\000o\000n}{section.5.22}% 314
\BOOKMARK [-1][-]{subsection.5.22.1}{\376\377\000I\000n\000d\000e\000x}{}% 315
